   1              		.cpu arm7tdmi
   2              		.fpu softvfp
   3              		.eabi_attribute 20, 1
   4              		.eabi_attribute 21, 1
   5              		.eabi_attribute 23, 3
   6              		.eabi_attribute 24, 1
   7              		.eabi_attribute 25, 1
   8              		.eabi_attribute 26, 1
   9              		.eabi_attribute 30, 6
  10              		.eabi_attribute 18, 4
  11              		.file	"8led.c"
  21              	.Ltext0:
  22              		.file 1 "../8led.c"
 1899              		.align	2
 1902              	Symbol:
 1903 0000 12000000 		.word	18
 1904 0004 9F000000 		.word	159
 1905 0008 31000000 		.word	49
 1906 000c 15000000 		.word	21
 1907 0010 9C000000 		.word	156
 1908 0014 54000000 		.word	84
 1909              		.text
 1910              		.align	2
 1911              		.global	D8Led_init
 1913              	D8Led_init:
 1914              	.LFB0:
   1:../8led.c     **** /*--- ficheros de cabecera ---*/
   2:../8led.c     **** #include "44b.h"
   3:../8led.c     **** #include "44blib.h"
   4:../8led.c     **** /*--- definicion de macros ---*/
   5:../8led.c     **** /* Mapa de bits de cada segmento
   6:../8led.c     **** (valor que se debe escribir para que se ilumine el segmento) */
   7:../8led.c     **** #define SEGMENT_A 0x7F
   8:../8led.c     **** #define SEGMENT_B 0xBF
   9:../8led.c     **** #define SEGMENT_C 0xDF 
  10:../8led.c     **** #define SEGMENT_D 0xF7 
  11:../8led.c     **** #define SEGMENT_E 0xFB 
  12:../8led.c     **** #define SEGMENT_F 0xFD 
  13:../8led.c     **** #define SEGMENT_G 0xFE 
  14:../8led.c     **** #define SEGMENT_P 0xEF 
  15:../8led.c     **** 
  16:../8led.c     **** /*--- variables globales ---*/
  17:../8led.c     **** /* tabla de segmentos */
  18:../8led.c     **** int Symbol[] = { SEGMENT_A & SEGMENT_B & SEGMENT_C & SEGMENT_D & SEGMENT_E & SEGMENT_G,
  19:../8led.c     **** 	SEGMENT_B & SEGMENT_C,
  20:../8led.c     **** 	SEGMENT_A & SEGMENT_B & SEGMENT_F & SEGMENT_E & SEGMENT_D,
  21:../8led.c     **** 	SEGMENT_A & SEGMENT_B & SEGMENT_F & SEGMENT_C & SEGMENT_D,
  22:../8led.c     **** 	SEGMENT_G & SEGMENT_F & SEGMENT_B & SEGMENT_C,
  23:../8led.c     **** 	SEGMENT_A & SEGMENT_G & SEGMENT_F & SEGMENT_C & SEGMENT_D};//COMPLETAR
  24:../8led.c     **** 
  25:../8led.c     **** /*--- declaracion de funciones ---*/
  26:../8led.c     **** void D8Led_init(void);
  27:../8led.c     **** void D8Led_symbol(int value);
  28:../8led.c     **** /*--- codigo de las funciones ---*/
  29:../8led.c     **** void D8Led_init(void)
  30:../8led.c     **** {
 1915              		.loc 1 30 0
 1916              		.cfi_startproc
 1917              		@ Function supports interworking.
 1918              		@ args = 0, pretend = 0, frame = 0
 1919              		@ frame_needed = 1, uses_anonymous_args = 0
 1920 0000 0DC0A0E1 		mov	ip, sp
 1921              	.LCFI0:
 1922              		.cfi_def_cfa_register 12
 1923 0004 00D82DE9 		stmfd	sp!, {fp, ip, lr, pc}
 1924 0008 04B04CE2 		sub	fp, ip, #4
 1925              		.cfi_offset 14, -8
 1926              		.cfi_offset 13, -12
 1927              		.cfi_offset 11, -16
 1928              	.LCFI1:
 1929              		.cfi_def_cfa 11, 4
  31:../8led.c     **** /* Estado inicial del display con todos los segmentos iluminados
  32:../8led.c     **** (buscar en los ficheros de cabecera la direccion implicada--->44blib.h) */
  33:../8led.c     **** 	LED8ADDR = 0; 
 1930              		.loc 1 33 0
 1931 000c 8537A0E3 		mov	r3, #34865152
 1932 0010 0020A0E3 		mov	r2, #0
 1933 0014 0020C3E5 		strb	r2, [r3, #0]
  34:../8led.c     **** }
 1934              		.loc 1 34 0
 1935 0018 0CD04BE2 		sub	sp, fp, #12
 1936 001c 00689DE8 		ldmfd	sp, {fp, sp, lr}
 1937 0020 1EFF2FE1 		bx	lr
 1938              		.cfi_endproc
 1939              	.LFE0:
 1941              		.align	2
 1942              		.global	D8Led_symbol
 1944              	D8Led_symbol:
 1945              	.LFB1:
  35:../8led.c     **** void D8Led_symbol(int value)
  36:../8led.c     **** {
 1946              		.loc 1 36 0
 1947              		.cfi_startproc
 1948              		@ Function supports interworking.
 1949              		@ args = 0, pretend = 0, frame = 8
 1950              		@ frame_needed = 1, uses_anonymous_args = 0
 1951 0024 0DC0A0E1 		mov	ip, sp
 1952              	.LCFI2:
 1953              		.cfi_def_cfa_register 12
 1954 0028 00D82DE9 		stmfd	sp!, {fp, ip, lr, pc}
 1955 002c 04B04CE2 		sub	fp, ip, #4
 1956              		.cfi_offset 14, -8
 1957              		.cfi_offset 13, -12
 1958              		.cfi_offset 11, -16
 1959              	.LCFI3:
 1960              		.cfi_def_cfa 11, 4
 1961 0030 08D04DE2 		sub	sp, sp, #8
 1962 0034 10000BE5 		str	r0, [fp, #-16]
  37:../8led.c     **** // muestra Symbol[value] en el display
  38:../8led.c     **** 	LED8ADDR=Symbol[value];
 1963              		.loc 1 38 0
 1964 0038 8537A0E3 		mov	r3, #34865152
 1965 003c 18209FE5 		ldr	r2, .L3
 1966 0040 10101BE5 		ldr	r1, [fp, #-16]
 1967 0044 012192E7 		ldr	r2, [r2, r1, asl #2]
 1968 0048 FF2002E2 		and	r2, r2, #255
 1969 004c 0020C3E5 		strb	r2, [r3, #0]
  39:../8led.c     **** }
 1970              		.loc 1 39 0
 1971 0050 0CD04BE2 		sub	sp, fp, #12
 1972 0054 00689DE8 		ldmfd	sp, {fp, sp, lr}
 1973 0058 1EFF2FE1 		bx	lr
 1974              	.L4:
 1975              		.align	2
 1976              	.L3:
 1977 005c 00000000 		.word	Symbol
 1978              		.cfi_endproc
 1979              	.LFE1:
 1981              	.Letext0:
DEFINED SYMBOLS
                            *ABS*:00000000 8led.c
C:\Users\USUARI~1\AppData\Local\Temp\ccG1u6ZR.s:1902   .data:00000000 Symbol
C:\Users\USUARI~1\AppData\Local\Temp\ccG1u6ZR.s:1899   .data:00000000 $d
C:\Users\USUARI~1\AppData\Local\Temp\ccG1u6ZR.s:1910   .text:00000000 $a
C:\Users\USUARI~1\AppData\Local\Temp\ccG1u6ZR.s:1913   .text:00000000 D8Led_init
C:\Users\USUARI~1\AppData\Local\Temp\ccG1u6ZR.s:1944   .text:00000024 D8Led_symbol
C:\Users\USUARI~1\AppData\Local\Temp\ccG1u6ZR.s:1977   .text:0000005c $d
                     .debug_frame:00000010 $d

NO UNDEFINED SYMBOLS
