   1              		.cpu arm7tdmi
   2              		.fpu softvfp
   3              		.eabi_attribute 20, 1
   4              		.eabi_attribute 21, 1
   5              		.eabi_attribute 23, 3
   6              		.eabi_attribute 24, 1
   7              		.eabi_attribute 25, 1
   8              		.eabi_attribute 26, 1
   9              		.eabi_attribute 30, 6
  10              		.eabi_attribute 18, 4
  11              		.file	"timer.c"
  21              	.Ltext0:
  22              		.file 1 "../timer.c"
 1874              		.align	2
 1875              		.global	timer_init
 1877              	timer_init:
 1878              	.LFB0:
   1:../timer.c    **** /*--- ficheros de cabecera ---*/
   2:../timer.c    **** #include "44b.h"
   3:../timer.c    **** #include "44blib.h"
   4:../timer.c    **** /*--- funciones externas ---*/
   5:../timer.c    **** extern void leds_switch();
   6:../timer.c    **** /*--- declaracion de funciones ---*/
   7:../timer.c    **** void timer_ISR(void) __attribute__ ((interrupt ("IRQ")));
   8:../timer.c    **** void timer_init(void);
   9:../timer.c    **** /*--- codigo de las funciones ---*/
  10:../timer.c    **** 
  11:../timer.c    **** void timer_init(void)
  12:../timer.c    **** {
 1879              		.loc 1 12 0
 1880              		.cfi_startproc
 1881              		@ Function supports interworking.
 1882              		@ args = 0, pretend = 0, frame = 0
 1883              		@ frame_needed = 1, uses_anonymous_args = 0
 1884 0000 0DC0A0E1 		mov	ip, sp
 1885              	.LCFI0:
 1886              		.cfi_def_cfa_register 12
 1887 0004 00D82DE9 		stmfd	sp!, {fp, ip, lr, pc}
 1888 0008 04B04CE2 		sub	fp, ip, #4
 1889              		.cfi_offset 14, -8
 1890              		.cfi_offset 13, -12
 1891              		.cfi_offset 11, -16
 1892              	.LCFI1:
 1893              		.cfi_def_cfa 11, 4
  13:../timer.c    **** 	/* Configuracion del controlador de interrupciones */	
  14:../timer.c    **** 	rINTMOD=0x0;// Configurar las lineas como de tipo IRQ	
 1894              		.loc 1 14 0
 1895 000c CC309FE5 		ldr	r3, .L2
 1896 0010 0020A0E3 		mov	r2, #0
 1897 0014 002083E5 		str	r2, [r3, #0]
  15:../timer.c    **** 	rINTCON=0x1;// Habilitar int. vectorizadas y la linea IRQ (FIQ no)	
 1898              		.loc 1 15 0
 1899 0018 1E36A0E3 		mov	r3, #31457280
 1900 001c 0120A0E3 		mov	r2, #1
 1901 0020 002083E5 		str	r2, [r3, #0]
  16:../timer.c    **** 	rINTMSK = rINTMSK & ~(BIT_TIMER0 | BIT_GLOBAL);// Enmascarar todas las lineas excepto Timer0 y el 
 1902              		.loc 1 16 0
 1903 0024 B8209FE5 		ldr	r2, .L2+4
 1904 0028 B4309FE5 		ldr	r3, .L2+4
 1905 002c 003093E5 		ldr	r3, [r3, #0]
 1906 0030 0133C3E3 		bic	r3, r3, #67108864
 1907 0034 023AC3E3 		bic	r3, r3, #8192
 1908 0038 003082E5 		str	r3, [r2, #0]
  17:../timer.c    **** 	/* Establece la rutina de servicio para TIMER0 */
  18:../timer.c    **** 	pISR_TIMER0=(unsigned)timer_ISR;
 1909              		.loc 1 18 0
 1910 003c A4309FE5 		ldr	r3, .L2+8
 1911 0040 A4209FE5 		ldr	r2, .L2+12
 1912 0044 002083E5 		str	r2, [r3, #0]
  19:../timer.c    **** 	/* Configurar el Timer0 (el resto de los timers se dejan a la
  20:../timer.c    **** 	configuración por defecto) */
  21:../timer.c    **** 	rTCFG0=0xFF;// pre-escalado = 255
 1913              		.loc 1 21 0
 1914 0048 A0309FE5 		ldr	r3, .L2+16
 1915 004c FF20A0E3 		mov	r2, #255
 1916 0050 002083E5 		str	r2, [r3, #0]
  22:../timer.c    **** 	rTCFG1 &= 0xFFFFF0;// divisor = 1/2
 1917              		.loc 1 22 0
 1918 0054 98209FE5 		ldr	r2, .L2+20
 1919 0058 94309FE5 		ldr	r3, .L2+20
 1920 005c 003093E5 		ldr	r3, [r3, #0]
 1921 0060 FF34C3E3 		bic	r3, r3, #-16777216
 1922 0064 0F30C3E3 		bic	r3, r3, #15
 1923 0068 003082E5 		str	r3, [r2, #0]
  23:../timer.c    **** 	rTCNTB0=65535;
 1924              		.loc 1 23 0
 1925 006c 84309FE5 		ldr	r3, .L2+24
 1926 0070 84209FE5 		ldr	r2, .L2+28
 1927 0074 002083E5 		str	r2, [r3, #0]
  24:../timer.c    **** 	rTCMPB0=12800;
 1928              		.loc 1 24 0
 1929 0078 80309FE5 		ldr	r3, .L2+32
 1930 007c 322CA0E3 		mov	r2, #12800
 1931 0080 002083E5 		str	r2, [r3, #0]
  25:../timer.c    **** 	
  26:../timer.c    **** 	rTCON=rTCON| (0x01<<1);// establecer manual_update
 1932              		.loc 1 26 0
 1933 0084 78309FE5 		ldr	r3, .L2+36
 1934 0088 74209FE5 		ldr	r2, .L2+36
 1935 008c 002092E5 		ldr	r2, [r2, #0]
 1936 0090 022082E3 		orr	r2, r2, #2
 1937 0094 002083E5 		str	r2, [r3, #0]
  27:../timer.c    **** 	rTCON=rTCON & ~(0x01<<1);// DESACTIVA manual_update
 1938              		.loc 1 27 0
 1939 0098 64309FE5 		ldr	r3, .L2+36
 1940 009c 60209FE5 		ldr	r2, .L2+36
 1941 00a0 002092E5 		ldr	r2, [r2, #0]
 1942 00a4 0220C2E3 		bic	r2, r2, #2
 1943 00a8 002083E5 		str	r2, [r3, #0]
  28:../timer.c    **** 	rTCON=rTCON|(0x01<<3);//activar modo auto-reload
 1944              		.loc 1 28 0
 1945 00ac 50309FE5 		ldr	r3, .L2+36
 1946 00b0 4C209FE5 		ldr	r2, .L2+36
 1947 00b4 002092E5 		ldr	r2, [r2, #0]
 1948 00b8 082082E3 		orr	r2, r2, #8
 1949 00bc 002083E5 		str	r2, [r3, #0]
  29:../timer.c    **** 	rTCON=rTCON|(0x01<<0);// iniciar timer
 1950              		.loc 1 29 0
 1951 00c0 3C309FE5 		ldr	r3, .L2+36
 1952 00c4 38209FE5 		ldr	r2, .L2+36
 1953 00c8 002092E5 		ldr	r2, [r2, #0]
 1954 00cc 012082E3 		orr	r2, r2, #1
 1955 00d0 002083E5 		str	r2, [r3, #0]
  30:../timer.c    **** }
 1956              		.loc 1 30 0
 1957 00d4 0CD04BE2 		sub	sp, fp, #12
 1958 00d8 00689DE8 		ldmfd	sp, {fp, sp, lr}
 1959 00dc 1EFF2FE1 		bx	lr
 1960              	.L3:
 1961              		.align	2
 1962              	.L2:
 1963 00e0 0800E001 		.word	31457288
 1964 00e4 0C00E001 		.word	31457292
 1965 00e8 54FF7F0C 		.word	209715028
 1966 00ec 00000000 		.word	timer_ISR
 1967 00f0 0000D501 		.word	30736384
 1968 00f4 0400D501 		.word	30736388
 1969 00f8 0C00D501 		.word	30736396
 1970 00fc FFFF0000 		.word	65535
 1971 0100 1000D501 		.word	30736400
 1972 0104 0800D501 		.word	30736392
 1973              		.cfi_endproc
 1974              	.LFE0:
 1976              		.align	2
 1977              		.global	timer_ISR
 1979              	timer_ISR:
 1980              	.LFB1:
  31:../timer.c    **** 
  32:../timer.c    **** void timer_ISR(void){
 1981              		.loc 1 32 0
 1982              		.cfi_startproc
 1983              		@ Interrupt Service Routine.
 1984              		@ args = 0, pretend = 0, frame = 0
 1985              		@ frame_needed = 1, uses_anonymous_args = 0
 1986 0108 04C02DE5 		str	ip, [sp, #-4]!
 1987 010c 0DC0A0E1 		mov	ip, sp
 1988              	.LCFI2:
 1989              		.cfi_def_cfa_register 12
 1990 0110 0FD82DE9 		stmfd	sp!, {r0, r1, r2, r3, fp, ip, lr, pc}
 1991 0114 04B04CE2 		sub	fp, ip, #4
 1992              		.cfi_offset 14, -8
 1993              		.cfi_offset 13, -12
 1994              		.cfi_offset 11, -16
 1995              		.cfi_offset 3, -20
 1996              		.cfi_offset 2, -24
 1997              		.cfi_offset 1, -28
 1998              		.cfi_offset 0, -32
 1999              	.LCFI3:
 2000              		.cfi_def_cfa 11, 4
  33:../timer.c    **** 	leds_switch();
 2001              		.loc 1 33 0
 2002 0118 FEFFFFEB 		bl	leds_switch
  34:../timer.c    **** 	rI_ISPC = BIT_TIMER0;
 2003              		.loc 1 34 0
 2004 011c 14309FE5 		ldr	r3, .L5
 2005 0120 022AA0E3 		mov	r2, #8192
 2006 0124 002083E5 		str	r2, [r3, #0]
  35:../timer.c    **** }
 2007              		.loc 1 35 0
 2008 0128 1CD04BE2 		sub	sp, fp, #28
 2009 012c 0F689DE8 		ldmfd	sp, {r0, r1, r2, r3, fp, sp, lr}
 2010 0130 04C09DE4 		ldmfd	sp!, {ip}
 2011 0134 04F05EE2 		subs	pc, lr, #4
 2012              	.L6:
 2013              		.align	2
 2014              	.L5:
 2015 0138 2400E001 		.word	31457316
 2016              		.cfi_endproc
 2017              	.LFE1:
 2019              	.Letext0:
DEFINED SYMBOLS
                            *ABS*:00000000 timer.c
C:\Users\USUARI~1\AppData\Local\Temp\cc1W4P2K.s:1874   .text:00000000 $a
C:\Users\USUARI~1\AppData\Local\Temp\cc1W4P2K.s:1877   .text:00000000 timer_init
C:\Users\USUARI~1\AppData\Local\Temp\cc1W4P2K.s:1963   .text:000000e0 $d
C:\Users\USUARI~1\AppData\Local\Temp\cc1W4P2K.s:1979   .text:00000108 timer_ISR
C:\Users\USUARI~1\AppData\Local\Temp\cc1W4P2K.s:1976   .text:00000108 $a
C:\Users\USUARI~1\AppData\Local\Temp\cc1W4P2K.s:2015   .text:00000138 $d
                     .debug_frame:00000010 $d

UNDEFINED SYMBOLS
leds_switch
